[debug] [2024-06-17T10:50:18.600Z] ----------------------------------------------------------------------
[debug] [2024-06-17T10:50:18.602Z] Command:       C:\Program Files\nodejs\node.exe C:\Users\lindo\AppData\Roaming\npm\node_modules\firebase-tools\lib\bin\firebase.js deploy
[debug] [2024-06-17T10:50:18.603Z] CLI Version:   13.11.0
[debug] [2024-06-17T10:50:18.603Z] Platform:      win32
[debug] [2024-06-17T10:50:18.604Z] Node Version:  v18.17.0
[debug] [2024-06-17T10:50:18.605Z] Time:          Mon Jun 17 2024 12:50:18 GMT+0200 (heure d’été d’Europe centrale)
[debug] [2024-06-17T10:50:18.605Z] ----------------------------------------------------------------------
[debug] 
[debug] [2024-06-17T10:50:18.609Z] >>> [apiv2][query] GET https://firebase-public.firebaseio.com/cli.json [none]
[debug] [2024-06-17T10:50:18.751Z] > command requires scopes: ["email","openid","https://www.googleapis.com/auth/cloudplatformprojects.readonly","https://www.googleapis.com/auth/firebase","https://www.googleapis.com/auth/cloud-platform"]
[debug] [2024-06-17T10:50:18.751Z] > authorizing via signed-in user (anthony.casares@lindow.fr)
[debug] [2024-06-17T10:50:18.752Z] [iam] checking project lindow-9805a for permissions ["cloudfunctions.functions.create","cloudfunctions.functions.delete","cloudfunctions.functions.get","cloudfunctions.functions.list","cloudfunctions.functions.update","cloudfunctions.operations.get","firebase.projects.get","firebasehosting.sites.update"]
[debug] [2024-06-17T10:50:18.753Z] > refreshing access token with scopes: []
[debug] [2024-06-17T10:50:18.754Z] >>> [apiv2][query] POST https://www.googleapis.com/oauth2/v3/token [none]
[debug] [2024-06-17T10:50:18.754Z] >>> [apiv2][body] POST https://www.googleapis.com/oauth2/v3/token [omitted]
[debug] [2024-06-17T10:50:19.381Z] <<< [apiv2][status] GET https://firebase-public.firebaseio.com/cli.json 200
[debug] [2024-06-17T10:50:19.382Z] <<< [apiv2][body] GET https://firebase-public.firebaseio.com/cli.json {"cloudBuildErrorAfter":1594252800000,"cloudBuildWarnAfter":1590019200000,"defaultNode10After":1594252800000,"minVersion":"3.0.5","node8DeploysDisabledAfter":1613390400000,"node8RuntimeDisabledAfter":1615809600000,"node8WarnAfter":1600128000000}
[debug] [2024-06-17T10:50:19.455Z] <<< [apiv2][status] POST https://www.googleapis.com/oauth2/v3/token 400
[debug] [2024-06-17T10:50:19.456Z] <<< [apiv2][body] POST https://www.googleapis.com/oauth2/v3/token [omitted]
[debug] [2024-06-17T10:50:19.457Z] [iam] error while checking permissions, command may fail: FirebaseError: Authentication Error: Your credentials are no longer valid. Please run firebase login --reauth

For CI servers and headless environments, generate a new token with firebase login:ci
[debug] [2024-06-17T10:50:19.458Z] > refreshing access token with scopes: []
[debug] [2024-06-17T10:50:19.459Z] >>> [apiv2][query] POST https://www.googleapis.com/oauth2/v3/token [none]
[debug] [2024-06-17T10:50:19.460Z] >>> [apiv2][body] POST https://www.googleapis.com/oauth2/v3/token [omitted]
[debug] [2024-06-17T10:50:19.974Z] <<< [apiv2][status] POST https://www.googleapis.com/oauth2/v3/token 400
[debug] [2024-06-17T10:50:19.974Z] <<< [apiv2][body] POST https://www.googleapis.com/oauth2/v3/token [omitted]
[debug] [2024-06-17T10:50:19.975Z] [functions] service account IAM check errored, deploy may fail: Authentication Error: Your credentials are no longer valid. Please run firebase login --reauth

For CI servers and headless environments, generate a new token with firebase login:ci {"name":"FirebaseError","children":[],"exit":1,"message":"Authentication Error: Your credentials are no longer valid. Please run \u001b[1mfirebase login --reauth\u001b[22m\n\nFor CI servers and headless environments, generate a new token with \u001b[1mfirebase login:ci\u001b[22m","status":500}
[debug] [2024-06-17T10:50:19.978Z] > refreshing access token with scopes: []
[debug] [2024-06-17T10:50:19.979Z] >>> [apiv2][query] POST https://www.googleapis.com/oauth2/v3/token [none]
[debug] [2024-06-17T10:50:19.979Z] >>> [apiv2][body] POST https://www.googleapis.com/oauth2/v3/token [omitted]
[debug] [2024-06-17T10:50:20.376Z] <<< [apiv2][status] POST https://www.googleapis.com/oauth2/v3/token 400
[debug] [2024-06-17T10:50:20.376Z] <<< [apiv2][body] POST https://www.googleapis.com/oauth2/v3/token [omitted]
[debug] [2024-06-17T10:50:20.376Z] Authentication Error: Your credentials are no longer valid. Please run firebase login --reauth

For CI servers and headless environments, generate a new token with firebase login:ci
[info] 
[info] === Deploying to 'lindow-9805a'...
[info] 
[info] i  deploying functions, hosting 
[debug] [2024-06-17T10:50:20.381Z] > refreshing access token with scopes: []
[debug] [2024-06-17T10:50:20.382Z] >>> [apiv2][query] POST https://www.googleapis.com/oauth2/v3/token [none]
[debug] [2024-06-17T10:50:20.382Z] >>> [apiv2][body] POST https://www.googleapis.com/oauth2/v3/token [omitted]
[debug] [2024-06-17T10:50:20.792Z] <<< [apiv2][status] POST https://www.googleapis.com/oauth2/v3/token 400
[debug] [2024-06-17T10:50:20.792Z] <<< [apiv2][body] POST https://www.googleapis.com/oauth2/v3/token [omitted]
[debug] [2024-06-17T10:50:20.793Z] Authentication Error: Your credentials are no longer valid. Please run firebase login --reauth

For CI servers and headless environments, generate a new token with firebase login:ci
[debug] [2024-06-17T10:50:21.051Z] FirebaseError: Authentication Error: Your credentials are no longer valid. Please run firebase login --reauth

For CI servers and headless environments, generate a new token with firebase login:ci
    at invalidCredentialError (C:\Users\lindo\AppData\Roaming\npm\node_modules\firebase-tools\lib\auth.js:142:12)
    at refreshTokens (C:\Users\lindo\AppData\Roaming\npm\node_modules\firebase-tools\lib\auth.js:515:15)
    at process.processTicksAndRejections (node:internal/process/task_queues:95:5)
    at async getAccessToken (C:\Users\lindo\AppData\Roaming\npm\node_modules\firebase-tools\lib\apiv2.js:40:18)
    at async Client.addAuthHeader (C:\Users\lindo\AppData\Roaming\npm\node_modules\firebase-tools\lib\apiv2.js:167:21)
    at async Client.request (C:\Users\lindo\AppData\Roaming\npm\node_modules\firebase-tools\lib\apiv2.js:118:34)
    at async getFirebaseProject (C:\Users\lindo\AppData\Roaming\npm\node_modules\firebase-tools\lib\management\projects.js:295:21)
    at async needProjectNumber (C:\Users\lindo\AppData\Roaming\npm\node_modules\firebase-tools\lib\projectUtils.js:46:22)
    at async prepare (C:\Users\lindo\AppData\Roaming\npm\node_modules\firebase-tools\lib\deploy\functions\prepare.js:34:27)
    at async chain (C:\Users\lindo\AppData\Roaming\npm\node_modules\firebase-tools\lib\deploy\index.js:40:9)
[error] 
[error] Error: Failed to get Firebase project lindow-9805a. Please make sure the project exists and your account has permission to access it.
